{"/Users/sanketsingh/Developer/ImageGram/src/controllers/postController.js": {"path":"/Users/sanketsingh/Developer/ImageGram/src/controllers/postController.js","statementMap":{"0":{"start":{"line":4,"column":24},"end":{"line":4,"column":32}},"1":{"start":{"line":6,"column":4},"end":{"line":11,"column":5}},"2":{"start":{"line":7,"column":8},"end":{"line":10,"column":11}},"3":{"start":{"line":13,"column":17},"end":{"line":17,"column":6}},"4":{"start":{"line":19,"column":4},"end":{"line":23,"column":7}},"5":{"start":{"line":27,"column":4},"end":{"line":45,"column":5}},"6":{"start":{"line":28,"column":22},"end":{"line":28,"column":43}},"7":{"start":{"line":29,"column":23},"end":{"line":29,"column":44}},"8":{"start":{"line":31,"column":31},"end":{"line":31,"column":70}},"9":{"start":{"line":33,"column":8},"end":{"line":37,"column":11}},"10":{"start":{"line":40,"column":8},"end":{"line":40,"column":27}},"11":{"start":{"line":41,"column":8},"end":{"line":44,"column":11}},"12":{"start":{"line":49,"column":4},"end":{"line":75,"column":5}},"13":{"start":{"line":50,"column":23},"end":{"line":50,"column":36}},"14":{"start":{"line":51,"column":25},"end":{"line":51,"column":70}},"15":{"start":{"line":52,"column":8},"end":{"line":57,"column":9}},"16":{"start":{"line":53,"column":12},"end":{"line":56,"column":15}},"17":{"start":{"line":58,"column":8},"end":{"line":62,"column":10}},"18":{"start":{"line":64,"column":8},"end":{"line":64,"column":27}},"19":{"start":{"line":65,"column":8},"end":{"line":70,"column":9}},"20":{"start":{"line":66,"column":12},"end":{"line":69,"column":14}},"21":{"start":{"line":71,"column":8},"end":{"line":74,"column":11}},"22":{"start":{"line":79,"column":4},"end":{"line":97,"column":5}},"23":{"start":{"line":80,"column":8},"end":{"line":80,"column":42}},"24":{"start":{"line":81,"column":29},"end":{"line":81,"column":37}},"25":{"start":{"line":82,"column":8},"end":{"line":84,"column":9}},"26":{"start":{"line":83,"column":12},"end":{"line":83,"column":51}},"27":{"start":{"line":85,"column":25},"end":{"line":85,"column":77}},"28":{"start":{"line":86,"column":8},"end":{"line":90,"column":11}},"29":{"start":{"line":92,"column":8},"end":{"line":92,"column":27}},"30":{"start":{"line":93,"column":8},"end":{"line":96,"column":11}}},"fnMap":{"0":{"name":"createPost","decl":{"start":{"line":3,"column":22},"end":{"line":3,"column":32}},"loc":{"start":{"line":3,"column":43},"end":{"line":24,"column":1}},"line":3},"1":{"name":"getAllPosts","decl":{"start":{"line":26,"column":22},"end":{"line":26,"column":33}},"loc":{"start":{"line":26,"column":44},"end":{"line":46,"column":1}},"line":26},"2":{"name":"deletePost","decl":{"start":{"line":48,"column":22},"end":{"line":48,"column":32}},"loc":{"start":{"line":48,"column":43},"end":{"line":76,"column":1}},"line":48},"3":{"name":"updatePost","decl":{"start":{"line":78,"column":22},"end":{"line":78,"column":32}},"loc":{"start":{"line":78,"column":43},"end":{"line":98,"column":1}},"line":78}},"branchMap":{"0":{"loc":{"start":{"line":6,"column":4},"end":{"line":11,"column":5}},"type":"if","locations":[{"start":{"line":6,"column":4},"end":{"line":11,"column":5}},{"start":{},"end":{}}],"line":6},"1":{"loc":{"start":{"line":6,"column":7},"end":{"line":6,"column":38}},"type":"binary-expr","locations":[{"start":{"line":6,"column":7},"end":{"line":6,"column":16}},{"start":{"line":6,"column":20},"end":{"line":6,"column":38}}],"line":6},"2":{"loc":{"start":{"line":28,"column":22},"end":{"line":28,"column":43}},"type":"binary-expr","locations":[{"start":{"line":28,"column":22},"end":{"line":28,"column":37}},{"start":{"line":28,"column":41},"end":{"line":28,"column":43}}],"line":28},"3":{"loc":{"start":{"line":29,"column":23},"end":{"line":29,"column":44}},"type":"binary-expr","locations":[{"start":{"line":29,"column":23},"end":{"line":29,"column":39}},{"start":{"line":29,"column":43},"end":{"line":29,"column":44}}],"line":29},"4":{"loc":{"start":{"line":52,"column":8},"end":{"line":57,"column":9}},"type":"if","locations":[{"start":{"line":52,"column":8},"end":{"line":57,"column":9}},{"start":{},"end":{}}],"line":52},"5":{"loc":{"start":{"line":65,"column":8},"end":{"line":70,"column":9}},"type":"if","locations":[{"start":{"line":65,"column":8},"end":{"line":70,"column":9}},{"start":{},"end":{}}],"line":65},"6":{"loc":{"start":{"line":82,"column":8},"end":{"line":84,"column":9}},"type":"if","locations":[{"start":{"line":82,"column":8},"end":{"line":84,"column":9}},{"start":{},"end":{}}],"line":82}},"s":{"0":0,"1":0,"2":0,"3":0,"4":0,"5":2,"6":2,"7":2,"8":2,"9":1,"10":1,"11":1,"12":4,"13":4,"14":4,"15":2,"16":1,"17":1,"18":2,"19":2,"20":1,"21":1,"22":0,"23":0,"24":0,"25":0,"26":0,"27":0,"28":0,"29":0,"30":0},"f":{"0":0,"1":2,"2":4,"3":0},"b":{"0":[0,0],"1":[0,0],"2":[2,2],"3":[2,2],"4":[1,1],"5":[1,1],"6":[0,0]},"_coverageSchema":"1a1c01bbd47fc00a2c39e90264f33305004495a9","hash":"6986b10d3f08904bc4e5b1821a1506894b58fe4b"}
,"/Users/sanketsingh/Developer/ImageGram/src/utils/sample.js": {"path":"/Users/sanketsingh/Developer/ImageGram/src/utils/sample.js","statementMap":{"0":{"start":{"line":1,"column":19},"end":{"line":1,"column":34}},"1":{"start":{"line":1,"column":29},"end":{"line":1,"column":34}}},"fnMap":{"0":{"name":"(anonymous_0)","decl":{"start":{"line":1,"column":19},"end":{"line":1,"column":20}},"loc":{"start":{"line":1,"column":29},"end":{"line":1,"column":34}},"line":1}},"branchMap":{},"s":{"0":1,"1":1},"f":{"0":1},"b":{},"_coverageSchema":"1a1c01bbd47fc00a2c39e90264f33305004495a9","hash":"7d2c566b72dd4e5dbae4badc902d4997d8ae0e46"}
,"/Users/sanketsingh/Developer/ImageGram/test/mocker.js": {"path":"/Users/sanketsingh/Developer/ImageGram/test/mocker.js","statementMap":{"0":{"start":{"line":1,"column":27},"end":{"line":7,"column":1}},"1":{"start":{"line":2,"column":30},"end":{"line":2,"column":32}},"2":{"start":{"line":3,"column":4},"end":{"line":3,"column":75}},"3":{"start":{"line":4,"column":4},"end":{"line":4,"column":76}},"4":{"start":{"line":5,"column":4},"end":{"line":5,"column":74}},"5":{"start":{"line":6,"column":4},"end":{"line":6,"column":29}},"6":{"start":{"line":9,"column":28},"end":{"line":15,"column":1}},"7":{"start":{"line":10,"column":21},"end":{"line":10,"column":23}},"8":{"start":{"line":11,"column":4},"end":{"line":11,"column":58}},"9":{"start":{"line":12,"column":4},"end":{"line":12,"column":56}},"10":{"start":{"line":13,"column":4},"end":{"line":13,"column":56}},"11":{"start":{"line":14,"column":4},"end":{"line":14,"column":20}}},"fnMap":{"0":{"name":"(anonymous_0)","decl":{"start":{"line":1,"column":27},"end":{"line":1,"column":28}},"loc":{"start":{"line":1,"column":33},"end":{"line":7,"column":1}},"line":1},"1":{"name":"(anonymous_1)","decl":{"start":{"line":9,"column":28},"end":{"line":9,"column":29}},"loc":{"start":{"line":9,"column":34},"end":{"line":15,"column":1}},"line":9}},"branchMap":{},"s":{"0":1,"1":6,"2":6,"3":6,"4":6,"5":6,"6":1,"7":6,"8":6,"9":6,"10":6,"11":6},"f":{"0":6,"1":6},"b":{},"_coverageSchema":"1a1c01bbd47fc00a2c39e90264f33305004495a9","hash":"8b5f3ba2014e48238374e6e69fbf9104b2b8fd77"}
}
