TN:
SF:src/controllers/postController.js
FN:3,createPost
FN:26,getAllPosts
FN:48,deletePost
FN:78,updatePost
FNF:4
FNH:2
FNDA:0,createPost
FNDA:2,getAllPosts
FNDA:4,deletePost
FNDA:0,updatePost
DA:4,0
DA:6,0
DA:7,0
DA:13,0
DA:19,0
DA:27,2
DA:28,2
DA:29,2
DA:31,2
DA:33,1
DA:40,1
DA:41,1
DA:49,4
DA:50,4
DA:51,4
DA:52,2
DA:53,1
DA:58,1
DA:64,2
DA:65,2
DA:66,1
DA:71,1
DA:79,0
DA:80,0
DA:81,0
DA:82,0
DA:83,0
DA:85,0
DA:86,0
DA:92,0
DA:93,0
LF:31
LH:17
BRDA:6,0,0,0
BRDA:6,0,1,0
BRDA:6,1,0,0
BRDA:6,1,1,0
BRDA:28,2,0,2
BRDA:28,2,1,2
BRDA:29,3,0,2
BRDA:29,3,1,2
BRDA:52,4,0,1
BRDA:52,4,1,1
BRDA:65,5,0,1
BRDA:65,5,1,1
BRDA:82,6,0,0
BRDA:82,6,1,0
BRF:14
BRH:8
end_of_record
TN:
SF:src/utils/sample.js
FN:1,(anonymous_0)
FNF:1
FNH:1
FNDA:1,(anonymous_0)
DA:1,1
LF:1
LH:1
BRF:0
BRH:0
end_of_record
TN:
SF:test/mocker.js
FN:1,(anonymous_0)
FN:9,(anonymous_1)
FNF:2
FNH:2
FNDA:6,(anonymous_0)
FNDA:6,(anonymous_1)
DA:1,1
DA:2,6
DA:3,6
DA:4,6
DA:5,6
DA:6,6
DA:9,1
DA:10,6
DA:11,6
DA:12,6
DA:13,6
DA:14,6
LF:12
LH:12
BRF:0
BRH:0
end_of_record
